resuming: 840 runs already saved
[  0.1m] seed 1/10 f1 done
[  0.2m] seed 1/10 f2 done
[  0.4m] seed 1/10 f3 done
[  0.5m] seed 1/10 f4 done
[  0.6m] seed 1/10 f5 done
[  0.7m] seed 1/10 f6 done
[  0.8m] seed 1/10 f7 done
[  1.0m] seed 1/10 f8 done
[  1.1m] seed 1/10 f9 done
[  1.2m] seed 1/10 f10 done
[  1.3m] seed 1/10 f11 done
[  1.5m] seed 1/10 f12 done
[  1.6m] seed 2/10 f1 done
[  1.7m] seed 2/10 f2 done
[  1.8m] seed 2/10 f3 done
[  1.9m] seed 2/10 f4 done
[  2.1m] seed 2/10 f5 done
[  2.2m] seed 2/10 f6 done
[  2.3m] seed 2/10 f7 done
[  2.4m] seed 2/10 f8 done
[  2.5m] seed 2/10 f9 done
[  2.7m] seed 2/10 f10 done
[  2.8m] seed 2/10 f11 done
[  2.9m] seed 2/10 f12 done
[  3.0m] seed 3/10 f1 done
[  3.1m] seed 3/10 f2 done
[  3.3m] seed 3/10 f3 done
[  3.4m] seed 3/10 f4 done
[  3.5m] seed 3/10 f5 done
[  3.6m] seed 3/10 f6 done
[  3.7m] seed 3/10 f7 done
[  3.9m] seed 3/10 f8 done
[  4.0m] seed 3/10 f9 done
[  4.1m] seed 3/10 f10 done
[  4.2m] seed 3/10 f11 done
[  4.4m] seed 3/10 f12 done
[  4.5m] seed 4/10 f1 done
[  4.6m] seed 4/10 f2 done
[  4.7m] seed 4/10 f3 done
[  4.8m] seed 4/10 f4 done
[  4.9m] seed 4/10 f5 done
[  5.1m] seed 4/10 f6 done
[  5.2m] seed 4/10 f7 done
[  5.3m] seed 4/10 f8 done
[  5.4m] seed 4/10 f9 done
[  5.6m] seed 4/10 f10 done
[  5.7m] seed 4/10 f11 done
[  5.8m] seed 4/10 f12 done
[  5.9m] seed 5/10 f1 done
[  6.1m] seed 5/10 f2 done
[  6.2m] seed 5/10 f3 done
[  6.3m] seed 5/10 f4 done
[  6.4m] seed 5/10 f5 done
[  6.5m] seed 5/10 f6 done
[  6.7m] seed 5/10 f7 done
[  6.8m] seed 5/10 f8 done
[  6.9m] seed 5/10 f9 done
[  7.0m] seed 5/10 f10 done
[  7.2m] seed 5/10 f11 done
[  7.3m] seed 5/10 f12 done
[  7.4m] seed 6/10 f1 done
[  7.5m] seed 6/10 f2 done
[  7.6m] seed 6/10 f3 done
[  7.8m] seed 6/10 f4 done
[  7.9m] seed 6/10 f5 done
[  8.0m] seed 6/10 f6 done
[  8.1m] seed 6/10 f7 done
[  8.3m] seed 6/10 f8 done
[  8.4m] seed 6/10 f9 done
[  8.5m] seed 6/10 f10 done
[  8.6m] seed 6/10 f11 done
[  8.7m] seed 6/10 f12 done
[  8.9m] seed 7/10 f1 done
[  9.0m] seed 7/10 f2 done
[  9.1m] seed 7/10 f3 done
[  9.2m] seed 7/10 f4 done
[  9.3m] seed 7/10 f5 done
[  9.5m] seed 7/10 f6 done
[  9.6m] seed 7/10 f7 done
[  9.7m] seed 7/10 f8 done
[  9.8m] seed 7/10 f9 done
[ 10.0m] seed 7/10 f10 done
[ 10.1m] seed 7/10 f11 done
[ 10.2m] seed 7/10 f12 done
[ 10.3m] seed 8/10 f1 done
[ 10.4m] seed 8/10 f2 done
[ 10.6m] seed 8/10 f3 done
[ 10.7m] seed 8/10 f4 done
[ 10.8m] seed 8/10 f5 done
[ 10.9m] seed 8/10 f6 done
[ 11.1m] seed 8/10 f7 done
[ 11.2m] seed 8/10 f8 done
[ 11.3m] seed 8/10 f9 done
[ 11.5m] seed 8/10 f10 done
[ 11.6m] seed 8/10 f11 done
[ 11.7m] seed 8/10 f12 done
[ 11.8m] seed 9/10 f1 done
[ 12.0m] seed 9/10 f2 done
[ 12.1m] seed 9/10 f3 done
[ 12.2m] seed 9/10 f4 done
[ 12.4m] seed 9/10 f5 done
[ 12.5m] seed 9/10 f6 done
[ 12.6m] seed 9/10 f7 done
[ 12.7m] seed 9/10 f8 done
[ 12.9m] seed 9/10 f9 done
[ 13.0m] seed 9/10 f10 done
[ 13.1m] seed 9/10 f11 done
[ 13.2m] seed 9/10 f12 done
[ 13.4m] seed 10/10 f1 done
[ 13.5m] seed 10/10 f2 done
[ 13.6m] seed 10/10 f3 done
[ 13.7m] seed 10/10 f4 done
[ 13.8m] seed 10/10 f5 done
[ 14.0m] seed 10/10 f6 done
[ 14.1m] seed 10/10 f7 done
[ 14.2m] seed 10/10 f8 done
[ 14.3m] seed 10/10 f9 done
[ 14.5m] seed 10/10 f10 done
[ 14.6m] seed 10/10 f11 done
[ 14.7m] seed 10/10 f12 done

================================================================================================
AVERAGE RANK vs GENERATION BUDGET (10 seeds, shared population)
================================================================================================
   algo      G=50     G=100     G=200     G=400     G=777
    PSO      1.50      1.83      1.83      2.75      2.75
     DE      4.33      4.83      4.50      4.00      3.50
    P14      6.42      5.75      6.08      5.08      4.75
    P15      3.50      3.42      3.08      2.83      3.25
  P15v2      7.08      6.75      6.75      6.92      5.83
   P15m      6.42      6.92      6.92      6.00      4.33
   P15T      3.42      3.17      3.42      4.33      6.08
   P15n      3.33      3.33      3.42      4.08      5.50

MEDIAN FINAL FITNESS (G=777)
f 1: PSO=      308.9* DE=      709.7  P14=      327.0  P15=      352.2  P15v2=      321.8  P15m=      371.5  P15T=      375.6  P15n=      362.0  
f 2: PSO=      449.4  DE=      444.9* P14=      456.0  P15=      465.7  P15v2=      469.1  P15m=      465.6  P15T=      477.1  P15n=      476.3  
f 3: PSO=      606.5  DE=      600.1* P14=      607.5  P15=      604.3  P15v2=      611.8  P15m=      602.6  P15T=      606.5  P15n=      605.9  
f 4: PSO=      834.3  DE=      903.6  P14=      837.0  P15=      832.6  P15v2=      836.3  P15m=      827.9* P15T=      839.3  P15n=      836.0  
f 5: PSO=      902.8  DE=      900.0* P14=      916.3  P15=      909.3  P15v2=      931.9  P15m=      912.0  P15T=      909.8  P15n=      913.5  
f 6: PSO=    17092.4  DE=     1826.1* P14=     1838.0  P15=     1869.4  P15v2=     1873.9  P15m=     1906.7  P15T=     1898.4  P15n=     1891.5  
f 7: PSO=     2025.2  DE=     2046.9  P14=     2030.4  P15=     2024.0* P15v2=     2031.9  P15m=     2026.6  P15T=     2025.6  P15n=     2029.6  
f 8: PSO=     2222.0  DE=     2227.8  P14=     2221.5  P15=     2221.1* P15v2=     2222.4  P15m=     2221.5  P15T=     2222.7  P15n=     2222.5  
f 9: PSO=     2480.8  DE=     2480.8* P14=     2482.2  P15=     2483.1  P15v2=     2484.6  P15m=     2483.6  P15T=     2498.1  P15n=     2508.1  
f10: PSO=     2500.4* DE=     2500.5  P14=     2500.9  P15=     2500.6  P15v2=     2500.8  P15m=     2500.7  P15T=     2500.6  P15n=     2500.7  
f11: PSO=     2903.0* DE=     3000.0  P14=     3021.3  P15=     3139.3  P15v2=     3117.0  P15m=     3148.6  P15T=     3228.4  P15n=     3218.7  
f12: PSO=     2947.0  DE=     2934.0* P14=     3011.7  P15=     2994.4  P15v2=     3019.4  P15m=     2992.4  P15T=     2995.7  P15n=     2993.6  

HEAD-TO-HEAD at G=100:
  P15n vs P15: 6-6
  P15n vs P15T: 5-7
  P15n vs P14: 12-0
  P15n vs DE: 7-5

HEAD-TO-HEAD at G=777:
  P15n vs P15: 1-11
  P15n vs P15T: 8-4
  P15n vs P14: 6-6
  P15n vs DE: 4-8

P15 operator mix: extend 60.9%  ray 14.3%  contract 24.8%

P15v2 operator mix: extend 24.0%  ray 12.6%  contract 63.4%

total 14.7 min
