resuming: 960 runs already saved
[  0.2m] seed 1/10 f1 done
[  0.4m] seed 1/10 f2 done
[  0.7m] seed 1/10 f3 done
[  0.9m] seed 1/10 f4 done
[  1.1m] seed 1/10 f5 done
[  1.3m] seed 1/10 f6 done
[  1.5m] seed 1/10 f7 done
[  1.8m] seed 1/10 f8 done
[  2.0m] seed 1/10 f9 done
[  2.3m] seed 1/10 f10 done
[  2.5m] seed 1/10 f11 done
[  2.8m] seed 1/10 f12 done
[  3.0m] seed 2/10 f1 done
[  3.2m] seed 2/10 f2 done
[  3.5m] seed 2/10 f3 done
[  3.7m] seed 2/10 f4 done
[  3.9m] seed 2/10 f5 done
[  4.2m] seed 2/10 f6 done
[  4.4m] seed 2/10 f7 done
[  4.7m] seed 2/10 f8 done
[  4.9m] seed 2/10 f9 done
[  5.2m] seed 2/10 f10 done
[  5.4m] seed 2/10 f11 done
[  5.6m] seed 2/10 f12 done
[  5.8m] seed 3/10 f1 done
[  6.1m] seed 3/10 f2 done
[  6.3m] seed 3/10 f3 done
[  6.6m] seed 3/10 f4 done
[  6.8m] seed 3/10 f5 done
[  7.0m] seed 3/10 f6 done
[  7.3m] seed 3/10 f7 done
[  7.5m] seed 3/10 f8 done
[  7.8m] seed 3/10 f9 done
[  8.0m] seed 3/10 f10 done
[  8.3m] seed 3/10 f11 done
[  8.5m] seed 3/10 f12 done
[  8.7m] seed 4/10 f1 done
[  9.0m] seed 4/10 f2 done
[  9.2m] seed 4/10 f3 done
[  9.4m] seed 4/10 f4 done
[  9.7m] seed 4/10 f5 done
[  9.9m] seed 4/10 f6 done
[ 10.1m] seed 4/10 f7 done
[ 10.4m] seed 4/10 f8 done
[ 10.6m] seed 4/10 f9 done
[ 10.9m] seed 4/10 f10 done
[ 11.1m] seed 4/10 f11 done
[ 11.4m] seed 4/10 f12 done
[ 11.6m] seed 5/10 f1 done
[ 11.8m] seed 5/10 f2 done
[ 12.0m] seed 5/10 f3 done
[ 12.3m] seed 5/10 f4 done
[ 12.5m] seed 5/10 f5 done
[ 12.7m] seed 5/10 f6 done
[ 13.0m] seed 5/10 f7 done
[ 13.2m] seed 5/10 f8 done
[ 13.4m] seed 5/10 f9 done
[ 13.7m] seed 5/10 f10 done
[ 13.9m] seed 5/10 f11 done
[ 14.2m] seed 5/10 f12 done
[ 14.4m] seed 6/10 f1 done
[ 14.6m] seed 6/10 f2 done
[ 14.9m] seed 6/10 f3 done
[ 15.1m] seed 6/10 f4 done
[ 15.4m] seed 6/10 f5 done
[ 15.6m] seed 6/10 f6 done
[ 15.8m] seed 6/10 f7 done
[ 16.1m] seed 6/10 f8 done
[ 16.3m] seed 6/10 f9 done
[ 16.6m] seed 6/10 f10 done
[ 16.8m] seed 6/10 f11 done
[ 17.1m] seed 6/10 f12 done
[ 17.3m] seed 7/10 f1 done
[ 17.6m] seed 7/10 f2 done
[ 17.8m] seed 7/10 f3 done
[ 18.0m] seed 7/10 f4 done
[ 18.3m] seed 7/10 f5 done
[ 18.5m] seed 7/10 f6 done
[ 18.7m] seed 7/10 f7 done
[ 19.0m] seed 7/10 f8 done
[ 19.2m] seed 7/10 f9 done
[ 19.5m] seed 7/10 f10 done
[ 19.7m] seed 7/10 f11 done
[ 20.0m] seed 7/10 f12 done
[ 20.2m] seed 8/10 f1 done
[ 20.4m] seed 8/10 f2 done
[ 20.6m] seed 8/10 f3 done
[ 20.9m] seed 8/10 f4 done
[ 21.1m] seed 8/10 f5 done
[ 21.3m] seed 8/10 f6 done
[ 21.6m] seed 8/10 f7 done
[ 21.8m] seed 8/10 f8 done
[ 22.0m] seed 8/10 f9 done
[ 22.3m] seed 8/10 f10 done
[ 22.5m] seed 8/10 f11 done
[ 22.8m] seed 8/10 f12 done
[ 23.0m] seed 9/10 f1 done
[ 23.2m] seed 9/10 f2 done
[ 23.4m] seed 9/10 f3 done
[ 23.7m] seed 9/10 f4 done
[ 23.9m] seed 9/10 f5 done
[ 24.1m] seed 9/10 f6 done
[ 24.4m] seed 9/10 f7 done
[ 24.6m] seed 9/10 f8 done
[ 24.9m] seed 9/10 f9 done
[ 25.1m] seed 9/10 f10 done
[ 25.3m] seed 9/10 f11 done
[ 25.6m] seed 9/10 f12 done
[ 25.8m] seed 10/10 f1 done
[ 26.0m] seed 10/10 f2 done
[ 26.3m] seed 10/10 f3 done
[ 26.5m] seed 10/10 f4 done
[ 26.7m] seed 10/10 f5 done
[ 26.9m] seed 10/10 f6 done
[ 27.2m] seed 10/10 f7 done
[ 27.4m] seed 10/10 f8 done
[ 27.7m] seed 10/10 f9 done
[ 27.9m] seed 10/10 f10 done
[ 28.2m] seed 10/10 f11 done
[ 28.4m] seed 10/10 f12 done

================================================================================================
AVERAGE RANK vs GENERATION BUDGET (10 seeds, shared population)
================================================================================================
   algo      G=50     G=100     G=200     G=400     G=777
    PSO      1.83      2.25      2.33      3.75      3.83
     DE      5.50      6.25      5.83      5.00      4.33
    P14      8.42      7.75      8.08      7.00      6.33
    P15      5.08      5.08      4.75      4.75      5.08
  P15v2      9.08      8.75      8.75      8.92      7.75
   P15m      8.42      8.92      8.92      8.00      6.25
   P15T      4.92      4.83      5.25      6.33      8.08
   P15n      4.75      4.92      5.33      6.00      7.50
    P16      4.00      3.17      3.50      3.17      3.83
   P15e      3.00      3.08      2.25      2.08      2.00

MEDIAN FINAL FITNESS (G=777)
f 1: PSO=      308.9  DE=      709.7  P14=      327.0  P15=      352.2  P15v2=      321.8  P15m=      371.5  P15T=      375.6  P15n=      362.0  P16=      332.1  P15e=      300.0* 
f 2: PSO=      449.4  DE=      444.9* P14=      456.0  P15=      465.7  P15v2=      469.1  P15m=      465.6  P15T=      477.1  P15n=      476.3  P16=      461.9  P15e=      444.9  
f 3: PSO=      606.5  DE=      600.1* P14=      607.5  P15=      604.3  P15v2=      611.8  P15m=      602.6  P15T=      606.5  P15n=      605.9  P16=      602.2  P15e=      602.3  
f 4: PSO=      834.3  DE=      903.6  P14=      837.0  P15=      832.6  P15v2=      836.3  P15m=      827.9  P15T=      839.3  P15n=      836.0  P16=      829.0  P15e=      827.4* 
f 5: PSO=      902.8  DE=      900.0* P14=      916.3  P15=      909.3  P15v2=      931.9  P15m=      912.0  P15T=      909.8  P15n=      913.5  P16=      903.9  P15e=      902.3  
f 6: PSO=    17092.4  DE=     1826.1* P14=     1838.0  P15=     1869.4  P15v2=     1873.9  P15m=     1906.7  P15T=     1898.4  P15n=     1891.5  P16=     1864.2  P15e=     1829.2  
f 7: PSO=     2025.2  DE=     2046.9  P14=     2030.4  P15=     2024.0* P15v2=     2031.9  P15m=     2026.6  P15T=     2025.6  P15n=     2029.6  P16=     2024.8  P15e=     2024.6  
f 8: PSO=     2222.0  DE=     2227.8  P14=     2221.5  P15=     2221.1  P15v2=     2222.4  P15m=     2221.5  P15T=     2222.7  P15n=     2222.5  P16=     2221.1  P15e=     2220.8* 
f 9: PSO=     2480.8  DE=     2480.8* P14=     2482.2  P15=     2483.1  P15v2=     2484.6  P15m=     2483.6  P15T=     2498.1  P15n=     2508.1  P16=     2482.3  P15e=     2480.8  
f10: PSO=     2500.4* DE=     2500.5  P14=     2500.9  P15=     2500.6  P15v2=     2500.8  P15m=     2500.7  P15T=     2500.6  P15n=     2500.7  P16=     2500.5  P15e=     2500.5  
f11: PSO=     2903.0* DE=     3000.0  P14=     3021.3  P15=     3139.3  P15v2=     3117.0  P15m=     3148.6  P15T=     3228.4  P15n=     3218.7  P16=     3115.2  P15e=     2950.1  
f12: PSO=     2947.0  DE=     2934.0* P14=     3011.7  P15=     2994.4  P15v2=     3019.4  P15m=     2992.4  P15T=     2995.7  P15n=     2993.6  P16=     2965.5  P15e=     2962.0  

HEAD-TO-HEAD at G=100:
  P16 vs P15: 10-2
  P15e vs P15: 10-2
  P16 vs P15e: 6-6
  P16 vs PSO: 2-10

HEAD-TO-HEAD at G=777:
  P16 vs P15: 11-1
  P15e vs P15: 11-1
  P16 vs P15e: 1-11
  P16 vs PSO: 5-7

P15 operator mix: extend 60.9%  ray 14.3%  contract 24.8%

P15v2 operator mix: extend 24.0%  ray 12.6%  contract 63.4%

total 28.4 min
