Device: gpu | devices: [CudaDevice(id=0)]
Mode: PAPER QUALITY — SPARSE REWARD
Envs: ['CartpoleSwingup', 'WalkerWalk', 'HumanoidWalk']
Seeds: 3
Timesteps: 60,000,000
Warp 1.12.0 initialized:
   CUDA Toolkit 12.9, Driver 12.7
   Devices:
     "cpu"      : "x86_64"
     "cuda:0"   : "NVIDIA GeForce RTX 4090" (24 GiB, sm_89, mempool enabled)
   Kernel cache:
     /root/.cache/warp/1.12.0
Warp DeprecationWarning: The symbol `warp.types.warp_type_to_np_dtype` will soon be removed from the public API. It can still be accessed from `warp._src.types.warp_type_to_np_dtype` but might be changed or removed without notice.

  PPO-SPARSE | seed=777 | CartpoleSwingup | 60,000,000 steps
Module mujoco.mjx.warp.ffi 98d2031 load on device 'cuda:0' took 0.29 ms  (cached)
Module mujoco.mjx.third_party.mujoco_warp._src.smooth 12773d5 load on device 'cuda:0' took 3.91 ms  (cached)
Module mujoco.mjx.third_party.mujoco_warp._src.constraint abf7b17 load on device 'cuda:0' took 0.30 ms  (cached)
Module _actuator_velocity__locals__actuator_velocity_9e9ac69a fcc7599 load on device 'cuda:0' took 0.23 ms  (cached)
Module mujoco.mjx.third_party.mujoco_warp._src.passive f6d4bb4 load on device 'cuda:0' took 0.23 ms  (cached)
Module mujoco.mjx.third_party.mujoco_warp._src.forward 6f039ed load on device 'cuda:0' took 0.25 ms  (cached)
Module mujoco.mjx.third_party.mujoco_warp._src.support 343d1ae load on device 'cuda:0' took 0.18 ms  (cached)
Module _tile_cholesky_factorize_solve__locals__cholesky_factorize_solve_46918bae 3c15edc load on device 'cuda:0' took 18.08 ms  (cached)
Module mujoco.mjx.third_party.mujoco_warp._src.solver f11a68d load on device 'cuda:0' took 1.23 ms  (cached)
Module solve_init_jaref__locals__kernel_8feab2f8 8feab2f load on device 'cuda:0' took 0.86 ms  (cached)
Module mul_m_dense__locals___mul_m_dense_689f1540 689f154 load on device 'cuda:0' took 0.38 ms  (cached)
Module update_constraint_gauss_cost__locals__kernel_c770dbda c770dbd load on device 'cuda:0' took 0.78 ms  (cached)
Module update_gradient_JTDAJ_dense_tiled__locals__kernel_5a285672 71bd8ea load on device 'cuda:0' took 31.63 ms  (cached)
Module update_gradient_cholesky__locals__kernel_0b589cea 975bb23 load on device 'cuda:0' took 19.30 ms  (cached)
Module linesearch_iterative__locals__kernel_9acd46d2 b8a4b50 load on device 'cuda:0' took 0.95 ms  (cached)
               0 steps  reward=    0.00  (7.4s)
       9,830,400 steps  reward=    0.00  (49.3s)
      19,660,800 steps  reward=    0.00  (76.0s)
      29,491,200 steps  reward=    0.00  (102.8s)
      39,321,600 steps  reward=    0.00  (129.5s)
      49,152,000 steps  reward=    0.00  (156.3s)
      58,982,400 steps  reward=    0.00  (183.1s)
      68,812,800 steps  reward=    0.00  (209.9s)
      78,643,200 steps  reward=    0.00  (236.7s)
      88,473,600 steps  reward=    0.00  (263.5s)
    DONE: reward=0.00  time=263.8s

  PPO-SPARSE | seed=888 | CartpoleSwingup | 60,000,000 steps
               0 steps  reward=    0.00  (4.8s)
       9,830,400 steps  reward=    0.00  (44.9s)
      19,660,800 steps  reward=    0.00  (71.8s)
      29,491,200 steps  reward=    0.00  (98.7s)
      39,321,600 steps  reward=    0.00  (125.6s)
      49,152,000 steps  reward=    0.00  (152.5s)
      58,982,400 steps  reward=    0.00  (179.4s)
      68,812,800 steps  reward=    0.00  (206.3s)
      78,643,200 steps  reward=    0.00  (233.2s)
      88,473,600 steps  reward=    0.00  (260.0s)
    DONE: reward=0.00  time=260.3s

  PPO-SPARSE | seed=999 | CartpoleSwingup | 60,000,000 steps
               0 steps  reward=    0.00  (5.2s)
       9,830,400 steps  reward=    0.00  (46.3s)
      19,660,800 steps  reward=    0.00  (73.1s)
      29,491,200 steps  reward=    0.00  (99.9s)
      39,321,600 steps  reward=    0.00  (126.7s)
      49,152,000 steps  reward=    0.00  (153.5s)
      58,982,400 steps  reward=    0.00  (180.2s)
      68,812,800 steps  reward=    0.00  (207.0s)
      78,643,200 steps  reward=    0.00  (233.8s)
      88,473,600 steps  reward=    0.00  (260.5s)
    DONE: reward=0.00  time=260.8s

  PPO-SPARSE | seed=777 | WalkerWalk | 60,000,000 steps
               0 steps  reward=    0.00  (45.9s)
       9,830,400 steps  reward=    0.00  (157.8s)
      19,660,800 steps  reward=    0.00  (207.9s)
      29,491,200 steps  reward=    0.00  (258.0s)
      39,321,600 steps  reward=    0.00  (308.2s)
      49,152,000 steps  reward=    0.00  (358.3s)
