nohup: ignoring input
Device: gpu | devices: [CudaDevice(id=0)]
Mode: PAPER QUALITY — SPARSITY SWEEP
Envs: ['HumanoidWalk']
K values: [1, 10, 50, 200, 500, 1000]
Seeds: 3
Timesteps: 60,000,000


######################################################################
# ENV: HumanoidWalk
######################################################################

  === K=1 (reward every 1 steps) ===
    K=1     seed=777                   0 steps  reward=    2.40  (77.7s)
         9,830,400 steps  reward=   12.49  (274.0s)
        58,982,400 steps  reward=   47.33  (645.3s)
        68,812,800 steps  reward=   61.04  (719.5s)
        78,643,200 steps  reward=   81.59  (793.8s)
        88,473,600 steps  reward=  115.09  (868.1s)
  → final=115.1  peak=115.1  (869s)
    K=1     seed=888                   0 steps  reward=    2.65  (70.7s)
         9,830,400 steps  reward=   14.05  (266.9s)
        58,982,400 steps  reward=   52.00  (639.0s)
        68,812,800 steps  reward=   70.97  (713.5s)
        78,643,200 steps  reward=  108.18  (787.9s)
        88,473,600 steps  reward=  273.22  (862.3s)
  → final=273.2  peak=273.2  (863s)
    K=1     seed=999                   0 steps  reward=    3.79  (81.0s)
         9,830,400 steps  reward=   15.56  (262.8s)
        58,982,400 steps  reward=   60.06  (633.8s)
        68,812,800 steps  reward=   81.47  (708.0s)
        78,643,200 steps  reward=  128.46  (782.3s)
        88,473,600 steps  reward=  335.16  (856.6s)
  → final=335.2  peak=335.2  (857s)

  === K=10 (reward every 10 steps) ===
    K=10    seed=777                   0 steps  reward=    2.40  (77.3s)
         9,830,400 steps  reward=   10.82  (269.1s)
        58,982,400 steps  reward=   33.87  (640.1s)
        68,812,800 steps  reward=   38.61  (714.2s)
        78,643,200 steps  reward=   41.97  (788.6s)
        88,473,600 steps  reward=   50.11  (862.8s)
  → final=50.1  peak=50.1  (863s)
    K=10    seed=888                   0 steps  reward=    2.64  (75.8s)
         9,830,400 steps  reward=   12.96  (274.5s)
        58,982,400 steps  reward=   27.66  (645.9s)
        68,812,800 steps  reward=   30.44  (720.1s)
        78,643,200 steps  reward=   33.29  (794.3s)
        88,473,600 steps  reward=   39.34  (868.6s)
  → final=39.3  peak=39.3  (869s)
    K=10    seed=999                   0 steps  reward=    3.77  (80.0s)
         9,830,400 steps  reward=   14.26  (274.4s)
        58,982,400 steps  reward=   27.51  (645.3s)
        68,812,800 steps  reward=   31.47  (719.5s)
        78,643,200 steps  reward=   34.60  (793.7s)
        88,473,600 steps  reward=   37.21  (867.9s)
  → final=37.2  peak=37.2  (869s)

  === K=50 (reward every 50 steps) ===
    K=50    seed=777                   0 steps  reward=    2.41  (79.4s)
         9,830,400 steps  reward=    5.30  (267.0s)
        58,982,400 steps  reward=   14.28  (638.4s)
        68,812,800 steps  reward=   14.77  (712.6s)
        78,643,200 steps  reward=   14.18  (786.9s)
        88,473,600 steps  reward=   13.31  (861.2s)
  → final=13.3  peak=14.8  (862s)
    K=50    seed=888                   0 steps  reward=    2.65  (83.6s)
         9,830,400 steps  reward=    6.77  (276.1s)
        58,982,400 steps  reward=   22.11  (647.5s)
        68,812,800 steps  reward=   27.56  (721.8s)
        78,643,200 steps  reward=   28.43  (795.9s)
        88,473,600 steps  reward=   31.07  (870.1s)
  → final=31.1  peak=31.1  (871s)
    K=50    seed=999                   0 steps  reward=    3.76  (70.3s)
         9,830,400 steps  reward=    9.13  (248.1s)
        58,982,400 steps  reward=    8.50  (619.2s)
        68,812,800 steps  reward=    8.22  (693.5s)
        78,643,200 steps  reward=    7.32  (767.8s)
        88,473,600 steps  reward=    8.50  (841.9s)
  → final=8.5  peak=11.4  (842s)

  === K=200 (reward every 200 steps) ===
    K=200   seed=777                   0 steps  reward=    2.40  (69.9s)
         9,830,400 steps  reward=    3.86  (250.7s)
        58,982,400 steps  reward=    4.30  (621.7s)
        68,812,800 steps  reward=    4.72  (696.0s)
        78,643,200 steps  reward=    4.10  (770.3s)
        88,473,600 steps  reward=    4.58  (844.6s)
  → final=4.6  peak=4.7  (845s)
    K=200   seed=888                   0 steps  reward=    2.63  (69.2s)
         9,830,400 steps  reward=    3.49  (256.2s)
        58,982,400 steps  reward=    3.82  (627.5s)
        68,812,800 steps  reward=    3.51  (701.8s)
        78,643,200 steps  reward=    4.09  (776.0s)
        88,473,600 steps  reward=    4.38  (850.3s)
  → final=4.4  peak=4.4  (851s)
    K=200   seed=999                   0 steps  reward=    3.79  (71.7s)
         9,830,400 steps  reward=    3.61  (255.4s)
        58,982,400 steps  reward=    4.33  (627.7s)
        68,812,800 steps  reward=    4.39  (702.2s)
        78,643,200 steps  reward=    5.46  (776.7s)
        88,473,600 steps  reward=    4.87  (851.2s)
  → final=4.9  peak=5.5  (852s)

  === K=500 (reward every 500 steps) ===
    K=500   seed=777                   0 steps  reward=    2.40  (75.9s)
         9,830,400 steps  reward=    3.13  (274.8s)
        58,982,400 steps  reward=    2.81  (646.8s)
        68,812,800 steps  reward=    2.61  (721.3s)
        78,643,200 steps  reward=    2.69  (795.8s)
        88,473,600 steps  reward=    2.90  (870.3s)
  → final=2.9  peak=3.1  (871s)
    K=500   seed=888                   0 steps  reward=    2.65  (81.3s)
         9,830,400 steps  reward=     nan  (285.1s)
        58,982,400 steps  reward=     nan  (660.2s)
        68,812,800 steps  reward=     nan  (735.4s)
        78,643,200 steps  reward=     nan  (810.6s)
        88,473,600 steps  reward=     nan  (885.7s)
    ⚠ CRASHED (NaN divergence): None
    K=500   seed=999                   0 steps  reward=    3.79  (85.4s)
         9,830,400 steps  reward=    3.27  (288.4s)
        58,982,400 steps  reward=    2.83  (660.3s)
        68,812,800 steps  reward=    2.92  (734.7s)
        78,643,200 steps  reward=    3.15  (809.1s)
        88,473,600 steps  reward=    2.97  (883.6s)
  → final=3.0  peak=3.8  (884s)

  === K=1000 (reward every 1000 steps) ===
    K=1000  seed=777                   0 steps  reward=    2.40  (86.0s)
         9,830,400 steps  reward=    3.13  (289.5s)
        58,982,400 steps  reward=    2.84  (661.9s)
        68,812,800 steps  reward=    2.93  (736.4s)
        78,643,200 steps  reward=    2.95  (810.9s)
        88,473,600 steps  reward=    3.02  (885.4s)
  → final=3.0  peak=3.1  (886s)
    K=1000  seed=888                   0 steps  reward=    2.65  (86.2s)
         9,830,400 steps  reward=    3.27  (290.6s)
        58,982,400 steps  reward=    3.24  (662.5s)
        68,812,800 steps  reward=    3.12  (736.9s)
        78,643,200 steps  reward=    3.38  (811.3s)
        88,473,600 steps  reward=    3.74  (885.8s)
  → final=3.7  peak=3.7  (886s)
    K=1000  seed=999                   0 steps  reward=    3.79  (80.9s)
         9,830,400 steps  reward=    3.98  (284.6s)
        58,982,400 steps  reward=    3.55  (656.4s)
        68,812,800 steps  reward=    3.46  (730.9s)
        78,643,200 steps  reward=    3.69  (805.4s)
        88,473,600 steps  reward=    3.38  (879.9s)
  → final=3.4  peak=4.2  (881s)

  ─────────────────────────────────────────────────────────────────
  SWEEP — HumanoidWalk
       K    PPO median    PPO peak   LinePulse    OpenES  Winner
  ─────────────────────────────────────────────────────────────────
       1         273.2       273.2       151.9      40.7  ← PPO
      10          39.3        39.3       151.9      40.7  ← LinePulse
      50          13.3        14.8       151.9      40.7  ← LinePulse
     200           4.6         4.7       151.9      40.7  ← LinePulse
     500           2.9         3.1       151.9      40.7  ← LinePulse
    1000           3.4         3.7       151.9      40.7  ← LinePulse
  → Saved to resources/ppo_baseline/sweep_results.json


======================================================================
SPARSITY SWEEP — ALL ENVIRONMENTS  (total: 260.2 min)
======================================================================

  HumanoidWalk:
    K =       [1, 10, 50, 200, 500, 1000]
    PPO =     [np.float64(273.2), np.float64(39.3), np.float64(13.3), np.float64(4.6), np.float64(2.9), np.float64(3.4)]
    LinePulse = 151.93 (invariant)
    ★ CROSSOVER at K ≈ 5
  → Saved to resources/ppo_baseline/sweep_results.json
