======================================================================
NEUROEVOLUTION BENCHMARK — EXTRACTED RESULTS
======================================================================

  CartpoleSwingup:
  ────────────────────────────────────────────────────────────
    LinePulse       seeds=[  638.64,   784.08,   697.57]
                    median=  697.57   avg=  706.76
    PSO             seeds=[  633.35,   757.40,   603.51]
                    median=  633.35   avg=  664.75
    DE              seeds=[  516.26,   378.78,   402.07]
                    median=  402.07   avg=  432.37
    OpenES          seeds=[  157.72,   227.29,   119.50]
                    median=  157.72   avg=  168.17

  WalkerWalk:
  ────────────────────────────────────────────────────────────
    PSO             seeds=[  304.29,   313.02,   294.24]
                    median=  304.29   avg=  303.85
    LinePulse       seeds=[  298.61,   310.16,   298.28]
                    median=  298.61   avg=  302.35
    DE              seeds=[  217.25,   254.19,   227.22]
                    median=  227.22   avg=  232.89
    OpenES          seeds=[   53.80,    71.45,    36.53]
                    median=   53.80   avg=   53.93

  HumanoidWalk:
  ────────────────────────────────────────────────────────────
    LinePulse       seeds=[  151.93,   157.61,   122.49]
                    median=  151.93   avg=  144.01
    DE              seeds=[  138.30,   108.02,   121.07]
                    median=  121.07   avg=  122.46
    PSO             seeds=[   91.80,   123.41,   114.09]
                    median=  114.09   avg=  109.77
    OpenES          seeds=[   30.28,    47.38,    40.73]
                    median=   40.73   avg=   39.46

======================================================================
MEDIAN VERIFICATION
======================================================================

  CartpoleSwingup:
    OpenES          median=  157.72  ✅ OK
    DE              median=  402.07  ✅ OK
    PSO             median=  633.35  ✅ OK
    LinePulse       median=  697.57  ✅ OK

  WalkerWalk:
    OpenES          median=   53.80  ✅ OK
    DE              median=  227.22  ✅ OK
    PSO             median=  304.29  ✅ OK
    LinePulse       median=  298.61  ✅ OK

  HumanoidWalk:
    OpenES          median=   40.73  ✅ OK
    DE              median=  121.07  ✅ OK
    PSO             median=  114.09  ✅ OK
    LinePulse       median=  151.93  ✅ OK

  ✅ All medians match the log's FINAL RESULTS section.

======================================================================
AVERAGES & RANKINGS
======================================================================

  Per-environment averages:

    CartpoleSwingup:
      LinePulse       avg=  706.76
      PSO             avg=  664.75
      DE              avg=  432.37
      OpenES          avg=  168.17

    WalkerWalk:
      PSO             avg=  303.85
      LinePulse       avg=  302.35
      DE              avg=  232.89
      OpenES          avg=   53.93

    HumanoidWalk:
      LinePulse       avg=  144.01
      DE              avg=  122.46
      PSO             avg=  109.77
      OpenES          avg=   39.46

  Overall average rank (across envs, by median):
    LinePulse       avg_rank=1.33  [1, 2, 1]
    PSO             avg_rank=2.00  [2, 1, 3]
    DE              avg_rank=2.67  [3, 3, 2]
    OpenES          avg_rank=4.00  [4, 4, 4]

  Overall average score (mean of per-env averages):
    LinePulse       overall_avg=  384.37  [706.76, 302.35, 144.01]
    PSO             overall_avg=  359.46  [664.75, 303.85, 109.77]
    DE              overall_avg=  262.57  [432.37, 232.89, 122.46]
    OpenES          overall_avg=   87.19  [168.17, 53.93, 39.46]

